<?xml version="1.0" encoding="UTF-8"?>
<!-- Generated by org.testng.reporters.JUnitReportReporter -->
<testsuite hostname="Mayank" failures="0" tests="6" name="testNG.LoginTest" time="30.096" errors="0" timestamp="2025-03-25T17:20:44 IST" skipped="0">
  <testcase classname="testNG.LoginTest" name="testcase1" time="2.232"/>
  <system-out/>
  <testcase classname="testNG.LoginTest" name="testcase3" time="5.560"/>
  <system-out/>
  <testcase classname="testNG.LoginTest" name="testcase5" time="5.520"/>
  <system-out/>
  <testcase classname="testNG.LoginTest" name="testcase2" time="5.611"/>
  <system-out/>
  <testcase classname="testNG.LoginTest" name="testcase4" time="5.584"/>
  <system-out/>
  <testcase classname="testNG.LoginTest" name="testcase6" time="5.589"/>
  <system-out/>
</testsuite> <!-- testNG.LoginTest -->
