<?xml version="1.0" encoding="UTF-8"?>
<!-- Generated by org.testng.reporters.JUnitReportReporter -->
<testsuite hostname="Mayank" failures="0" tests="4" name="testNG.DataDrivenTest" time="21.944" errors="0" timestamp="2025-03-25T17:15:32 IST" skipped="0">
  <testcase classname="testNG.DataDrivenTest" name="testcase1" time="4.555"/>
  <system-out/>
  <testcase classname="testNG.DataDrivenTest" name="testcase1" time="8.012"/>
  <system-out/>
  <testcase classname="testNG.DataDrivenTest" name="testcase1" time="4.717"/>
  <system-out/>
  <testcase classname="testNG.DataDrivenTest" name="testcase1" time="4.660"/>
  <system-out/>
</testsuite> <!-- testNG.DataDrivenTest -->
