<?xml version="1.0" encoding="UTF-8"?>
<!-- Generated by org.testng.reporters.JUnitReportReporter -->
<testsuite hostname="Mayank" failures="0" tests="4" name="testNG.MainHMRlinktest" time="36.998" errors="0" timestamp="2025-03-25T17:24:10 IST" skipped="0">
  <testcase classname="testNG.MainHMRlinktest" name="testscenario05" time="10.824"/>
  <system-out/>
  <testcase classname="testNG.MainHMRlinktest" name="testsceanrio06" time="12.076"/>
  <system-out/>
  <testcase classname="testNG.MainHMRlinktest" name="testscenario03" time="2.178"/>
  <system-out/>
  <testcase classname="testNG.MainHMRlinktest" name="testscenario04" time="11.920"/>
  <system-out/>
</testsuite> <!-- testNG.MainHMRlinktest -->
